<?xml version="1.0" encoding="UTF-8"?>
<testng-results ignored="0" total="22" passed="20" failed="2" skipped="0">
  <reporter-output>
  </reporter-output>
  <suite started-at="2023-12-12T18:22:13 CST" name="Default suite" finished-at="2023-12-12T18:29:02 CST" duration-ms="408966">
    <groups>
      <group name="cucumber">
        <method signature="AbstractTestNGCucumberTests.runScenario(io.cucumber.testng.PickleWrapper,io.cucumber.testng.FeatureWrapper)[pri:0, instance:testrunner.Runnerclass@50029372]" name="runScenario" class="io.cucumber.testng.AbstractTestNGCucumberTests"/>
      </group> <!-- cucumber -->
    </groups>
    <test started-at="2023-12-12T18:22:13 CST" name="Default test" finished-at="2023-12-12T18:29:02 CST" duration-ms="408966">
      <class name="testrunner.Runnerclass">
        <test-method is-config="true" signature="setUpClass(org.testng.ITestContext)[pri:0, instance:testrunner.Runnerclass@50029372]" started-at="2023-12-12T18:22:13 CST" name="setUpClass" finished-at="2023-12-12T18:22:16 CST" duration-ms="2582" status="PASS">
          <params>
            <param index="0">
              <value>
                <![CDATA[org.testng.TestRunner@1a99297b]]>
              </value>
            </param>
          </params>
          <reporter-output>
          </reporter-output>
        </test-method> <!-- setUpClass -->
        <test-method signature="runScenario(io.cucumber.testng.PickleWrapper,io.cucumber.testng.FeatureWrapper)[pri:0, instance:testrunner.Runnerclass@50029372]" started-at="2023-12-12T18:22:16 CST" name="runScenario" description="Runs Cucumber Scenarios" data-provider="scenarios" finished-at="2023-12-12T18:22:30 CST" duration-ms="14349" status="PASS">
          <params>
            <param index="0">
              <value>
                <![CDATA["Check if the user is able to click sign up"]]>
              </value>
            </param>
            <param index="1">
              <value>
                <![CDATA["Signup Functionality"]]>
              </value>
            </param>
          </params>
          <reporter-output>
          </reporter-output>
        </test-method> <!-- runScenario -->
        <test-method signature="runScenario(io.cucumber.testng.PickleWrapper,io.cucumber.testng.FeatureWrapper)[pri:0, instance:testrunner.Runnerclass@50029372]" started-at="2023-12-12T18:22:30 CST" name="runScenario" description="Runs Cucumber Scenarios" data-provider="scenarios" finished-at="2023-12-12T18:22:39 CST" duration-ms="8625" status="PASS">
          <params>
            <param index="0">
              <value>
                <![CDATA["Check if the user is able to sign up for mass"]]>
              </value>
            </param>
            <param index="1">
              <value>
                <![CDATA["Signup Functionality"]]>
              </value>
            </param>
          </params>
          <reporter-output>
          </reporter-output>
        </test-method> <!-- runScenario -->
        <test-method signature="runScenario(io.cucumber.testng.PickleWrapper,io.cucumber.testng.FeatureWrapper)[pri:0, instance:testrunner.Runnerclass@50029372]" started-at="2023-12-12T18:22:39 CST" name="runScenario" description="Runs Cucumber Scenarios" data-provider="scenarios" finished-at="2023-12-12T18:22:49 CST" duration-ms="10179" status="PASS">
          <params>
            <param index="0">
              <value>
                <![CDATA["Check if the user is able to click the confirmation box"]]>
              </value>
            </param>
            <param index="1">
              <value>
                <![CDATA["Signup Functionality"]]>
              </value>
            </param>
          </params>
          <reporter-output>
          </reporter-output>
        </test-method> <!-- runScenario -->
        <test-method signature="runScenario(io.cucumber.testng.PickleWrapper,io.cucumber.testng.FeatureWrapper)[pri:0, instance:testrunner.Runnerclass@50029372]" started-at="2023-12-12T18:22:49 CST" name="runScenario" description="Runs Cucumber Scenarios" data-provider="scenarios" finished-at="2023-12-12T18:22:57 CST" duration-ms="7581" status="PASS">
          <params>
            <param index="0">
              <value>
                <![CDATA["Check if the user is able to click the cancel button in confirmation box"]]>
              </value>
            </param>
            <param index="1">
              <value>
                <![CDATA["Signup Functionality"]]>
              </value>
            </param>
          </params>
          <reporter-output>
          </reporter-output>
        </test-method> <!-- runScenario -->
        <test-method signature="runScenario(io.cucumber.testng.PickleWrapper,io.cucumber.testng.FeatureWrapper)[pri:0, instance:testrunner.Runnerclass@50029372]" started-at="2023-12-12T18:22:57 CST" name="runScenario" description="Runs Cucumber Scenarios" data-provider="scenarios" finished-at="2023-12-12T18:24:42 CST" duration-ms="104963" status="PASS">
          <params>
            <param index="0">
              <value>
                <![CDATA["Check if the user is able to click on success pop up window"]]>
              </value>
            </param>
            <param index="1">
              <value>
                <![CDATA["Signup Functionality"]]>
              </value>
            </param>
          </params>
          <reporter-output>
          </reporter-output>
        </test-method> <!-- runScenario -->
        <test-method signature="runScenario(io.cucumber.testng.PickleWrapper,io.cucumber.testng.FeatureWrapper)[pri:0, instance:testrunner.Runnerclass@50029372]" started-at="2023-12-12T18:24:42 CST" name="runScenario" description="Runs Cucumber Scenarios" data-provider="scenarios" finished-at="2023-12-12T18:25:03 CST" duration-ms="21256" status="PASS">
          <params>
            <param index="0">
              <value>
                <![CDATA["Check if the user is able to click on the email if there is no passcode"]]>
              </value>
            </param>
            <param index="1">
              <value>
                <![CDATA["Signup Functionality"]]>
              </value>
            </param>
          </params>
          <reporter-output>
          </reporter-output>
        </test-method> <!-- runScenario -->
        <test-method signature="runScenario(io.cucumber.testng.PickleWrapper,io.cucumber.testng.FeatureWrapper)[pri:0, instance:testrunner.Runnerclass@50029372]" started-at="2023-12-12T18:25:03 CST" name="runScenario" description="Runs Cucumber Scenarios" data-provider="scenarios" finished-at="2023-12-12T18:25:13 CST" duration-ms="9701" status="PASS">
          <params>
            <param index="0">
              <value>
                <![CDATA["Check if the user is able to click on Back to signup page"]]>
              </value>
            </param>
            <param index="1">
              <value>
                <![CDATA["Signup Functionality"]]>
              </value>
            </param>
          </params>
          <reporter-output>
          </reporter-output>
        </test-method> <!-- runScenario -->
        <test-method signature="runScenario(io.cucumber.testng.PickleWrapper,io.cucumber.testng.FeatureWrapper)[pri:0, instance:testrunner.Runnerclass@50029372]" started-at="2023-12-12T18:25:13 CST" name="runScenario" description="Runs Cucumber Scenarios" data-provider="scenarios" finished-at="2023-12-12T18:25:29 CST" duration-ms="16134" status="PASS">
          <params>
            <param index="0">
              <value>
                <![CDATA["Check if the user is able to view the details in the view guests page"]]>
              </value>
            </param>
            <param index="1">
              <value>
                <![CDATA["Signup Functionality"]]>
              </value>
            </param>
          </params>
          <reporter-output>
          </reporter-output>
        </test-method> <!-- runScenario -->
        <test-method signature="runScenario(io.cucumber.testng.PickleWrapper,io.cucumber.testng.FeatureWrapper)[pri:0, instance:testrunner.Runnerclass@50029372]" started-at="2023-12-12T18:25:29 CST" name="runScenario" description="Runs Cucumber Scenarios" data-provider="scenarios" finished-at="2023-12-12T18:25:41 CST" duration-ms="12277" status="FAIL">
          <params>
            <param index="0">
              <value>
                <![CDATA["Check if the user is able to click on View Guests"]]>
              </value>
            </param>
            <param index="1">
              <value>
                <![CDATA["Signup Functionality"]]>
              </value>
            </param>
          </params>
          <exception class="java.lang.AssertionError">
            <message>
              <![CDATA[expected [12-12-2023] but found [12-13-2023]]]>
            </message>
            <full-stacktrace>
              <![CDATA[java.lang.AssertionError: expected [12-12-2023] but found [12-13-2023]
at org.testng.Assert.fail(Assert.java:99)
at org.testng.Assert.failNotEquals(Assert.java:1037)
at org.testng.Assert.assertEqualsImpl(Assert.java:140)
at org.testng.Assert.assertEquals(Assert.java:122)
at org.testng.Assert.assertEquals(Assert.java:629)
at org.testng.Assert.assertEquals(Assert.java:639)
at stepdefinitions.Sign_SD.the_user_is_navigated_to_the_view_guests_page_successfully(Sign_SD.java:210)
at ✽.The user is navigated to the View guests page successfully(file:///C:/Users/amitf/eclipse-workspace/Restassured/DtcWebsite/src/test/resources/Features/Signup.feature:53)
]]>
            </full-stacktrace>
          </exception> <!-- java.lang.AssertionError -->
          <reporter-output>
          </reporter-output>
        </test-method> <!-- runScenario -->
        <test-method signature="runScenario(io.cucumber.testng.PickleWrapper,io.cucumber.testng.FeatureWrapper)[pri:0, instance:testrunner.Runnerclass@50029372]" started-at="2023-12-12T18:25:41 CST" name="runScenario" description="Runs Cucumber Scenarios" data-provider="scenarios" finished-at="2023-12-12T18:26:01 CST" duration-ms="20237" status="PASS">
          <params>
            <param index="0">
              <value>
                <![CDATA["Check if the user is able to sign up with incorrect passcode"]]>
              </value>
            </param>
            <param index="1">
              <value>
                <![CDATA["Signup Functionality"]]>
              </value>
            </param>
          </params>
          <reporter-output>
          </reporter-output>
        </test-method> <!-- runScenario -->
        <test-method signature="runScenario(io.cucumber.testng.PickleWrapper,io.cucumber.testng.FeatureWrapper)[pri:0, instance:testrunner.Runnerclass@50029372]" started-at="2023-12-12T18:26:01 CST" name="runScenario" description="Runs Cucumber Scenarios" data-provider="scenarios" finished-at="2023-12-12T18:26:07 CST" duration-ms="6163" status="PASS">
          <params>
            <param index="0">
              <value>
                <![CDATA["Check if the user is able to sign up with empty name field"]]>
              </value>
            </param>
            <param index="1">
              <value>
                <![CDATA["Signup Functionality"]]>
              </value>
            </param>
          </params>
          <reporter-output>
          </reporter-output>
        </test-method> <!-- runScenario -->
        <test-method signature="runScenario(io.cucumber.testng.PickleWrapper,io.cucumber.testng.FeatureWrapper)[pri:0, instance:testrunner.Runnerclass@50029372]" started-at="2023-12-12T18:26:07 CST" name="runScenario" description="Runs Cucumber Scenarios" data-provider="scenarios" finished-at="2023-12-12T18:26:15 CST" duration-ms="7469" status="PASS">
          <params>
            <param index="0">
              <value>
                <![CDATA["Check if the user is able to sign up with empty attend field"]]>
              </value>
            </param>
            <param index="1">
              <value>
                <![CDATA["Signup Functionality"]]>
              </value>
            </param>
          </params>
          <reporter-output>
          </reporter-output>
        </test-method> <!-- runScenario -->
        <test-method signature="runScenario(io.cucumber.testng.PickleWrapper,io.cucumber.testng.FeatureWrapper)[pri:0, instance:testrunner.Runnerclass@50029372]" started-at="2023-12-12T18:26:15 CST" name="runScenario" description="Runs Cucumber Scenarios" data-provider="scenarios" finished-at="2023-12-12T18:26:22 CST" duration-ms="7350" status="PASS">
          <params>
            <param index="0">
              <value>
                <![CDATA["Check if the user is able to sign up with empty family count field"]]>
              </value>
            </param>
            <param index="1">
              <value>
                <![CDATA["Signup Functionality"]]>
              </value>
            </param>
          </params>
          <reporter-output>
          </reporter-output>
        </test-method> <!-- runScenario -->
        <test-method signature="runScenario(io.cucumber.testng.PickleWrapper,io.cucumber.testng.FeatureWrapper)[pri:0, instance:testrunner.Runnerclass@50029372]" started-at="2023-12-12T18:26:22 CST" name="runScenario" description="Runs Cucumber Scenarios" data-provider="scenarios" finished-at="2023-12-12T18:26:31 CST" duration-ms="9200" status="FAIL">
          <params>
            <param index="0">
              <value>
                <![CDATA["Check if the user is able to sign up with empty adult count field"]]>
              </value>
            </param>
            <param index="1">
              <value>
                <![CDATA["Signup Functionality"]]>
              </value>
            </param>
          </params>
          <exception class="java.lang.AssertionError">
            <message>
              <![CDATA[The following asserts failed:
expected [Please make sure all the required fields are completed] but found [null]]]>
            </message>
            <full-stacktrace>
              <![CDATA[java.lang.AssertionError: The following asserts failed:
expected [Please make sure all the required fields are completed] but found [null]
at org.testng.asserts.SoftAssert.assertAll(SoftAssert.java:47)
at org.testng.asserts.SoftAssert.assertAll(SoftAssert.java:31)
at stepdefinitions.Sign_SD.the_error_message_to_fill_fields_is_displayed(Sign_SD.java:298)
at ✽.The error message to fill fields is displayed(file:///C:/Users/amitf/eclipse-workspace/Restassured/DtcWebsite/src/test/resources/Features/Signup.feature:85)
]]>
            </full-stacktrace>
          </exception> <!-- java.lang.AssertionError -->
          <reporter-output>
          </reporter-output>
        </test-method> <!-- runScenario -->
        <test-method signature="runScenario(io.cucumber.testng.PickleWrapper,io.cucumber.testng.FeatureWrapper)[pri:0, instance:testrunner.Runnerclass@50029372]" started-at="2023-12-12T18:26:31 CST" name="runScenario" description="Runs Cucumber Scenarios" data-provider="scenarios" finished-at="2023-12-12T18:26:39 CST" duration-ms="7576" status="PASS">
          <params>
            <param index="0">
              <value>
                <![CDATA["Check if the user is able to sign up with empty kids count field"]]>
              </value>
            </param>
            <param index="1">
              <value>
                <![CDATA["Signup Functionality"]]>
              </value>
            </param>
          </params>
          <reporter-output>
          </reporter-output>
        </test-method> <!-- runScenario -->
        <test-method signature="runScenario(io.cucumber.testng.PickleWrapper,io.cucumber.testng.FeatureWrapper)[pri:0, instance:testrunner.Runnerclass@50029372]" started-at="2023-12-12T18:26:39 CST" name="runScenario" description="Runs Cucumber Scenarios" data-provider="scenarios" finished-at="2023-12-12T18:27:15 CST" duration-ms="36471" status="PASS">
          <params>
            <param index="0">
              <value>
                <![CDATA["Check if the user is able to sign up with thanksgiving field empty"]]>
              </value>
            </param>
            <param index="1">
              <value>
                <![CDATA["Signup Functionality"]]>
              </value>
            </param>
          </params>
          <reporter-output>
          </reporter-output>
        </test-method> <!-- runScenario -->
        <test-method signature="runScenario(io.cucumber.testng.PickleWrapper,io.cucumber.testng.FeatureWrapper)[pri:0, instance:testrunner.Runnerclass@50029372]" started-at="2023-12-12T18:27:15 CST" name="runScenario" description="Runs Cucumber Scenarios" data-provider="scenarios" finished-at="2023-12-12T18:27:23 CST" duration-ms="7427" status="PASS">
          <params>
            <param index="0">
              <value>
                <![CDATA["Check if the user is able to sign up with repose of souls field empty"]]>
              </value>
            </param>
            <param index="1">
              <value>
                <![CDATA["Signup Functionality"]]>
              </value>
            </param>
          </params>
          <reporter-output>
          </reporter-output>
        </test-method> <!-- runScenario -->
        <test-method signature="runScenario(io.cucumber.testng.PickleWrapper,io.cucumber.testng.FeatureWrapper)[pri:0, instance:testrunner.Runnerclass@50029372]" started-at="2023-12-12T18:27:23 CST" name="runScenario" description="Runs Cucumber Scenarios" data-provider="scenarios" finished-at="2023-12-12T18:27:33 CST" duration-ms="9776" status="PASS">
          <params>
            <param index="0">
              <value>
                <![CDATA["Check if the user is able to sign up with family intention field empty"]]>
              </value>
            </param>
            <param index="1">
              <value>
                <![CDATA["Signup Functionality"]]>
              </value>
            </param>
          </params>
          <reporter-output>
          </reporter-output>
        </test-method> <!-- runScenario -->
        <test-method signature="runScenario(io.cucumber.testng.PickleWrapper,io.cucumber.testng.FeatureWrapper)[pri:0, instance:testrunner.Runnerclass@50029372]" started-at="2023-12-12T18:27:33 CST" name="runScenario" description="Runs Cucumber Scenarios" data-provider="scenarios" finished-at="2023-12-12T18:27:42 CST" duration-ms="9300" status="PASS">
          <params>
            <param index="0">
              <value>
                <![CDATA["Check if the user is able to sign up again"]]>
              </value>
            </param>
            <param index="1">
              <value>
                <![CDATA["Signup Functionality"]]>
              </value>
            </param>
          </params>
          <reporter-output>
          </reporter-output>
        </test-method> <!-- runScenario -->
        <test-method signature="runScenario(io.cucumber.testng.PickleWrapper,io.cucumber.testng.FeatureWrapper)[pri:0, instance:testrunner.Runnerclass@50029372]" started-at="2023-12-12T18:27:42 CST" name="runScenario" description="Runs Cucumber Scenarios" data-provider="scenarios" finished-at="2023-12-12T18:28:36 CST" duration-ms="53905" status="PASS">
          <params>
            <param index="0">
              <value>
                <![CDATA["Check if the user is able to sign up with special characters in the thanksgiving field"]]>
              </value>
            </param>
            <param index="1">
              <value>
                <![CDATA["Signup Functionality"]]>
              </value>
            </param>
          </params>
          <reporter-output>
          </reporter-output>
        </test-method> <!-- runScenario -->
        <test-method signature="runScenario(io.cucumber.testng.PickleWrapper,io.cucumber.testng.FeatureWrapper)[pri:0, instance:testrunner.Runnerclass@50029372]" started-at="2023-12-12T18:28:36 CST" name="runScenario" description="Runs Cucumber Scenarios" data-provider="scenarios" finished-at="2023-12-12T18:28:52 CST" duration-ms="15876" status="PASS">
          <params>
            <param index="0">
              <value>
                <![CDATA["Check if the user is able to sign up with special characters in the repose of souls field"]]>
              </value>
            </param>
            <param index="1">
              <value>
                <![CDATA["Signup Functionality"]]>
              </value>
            </param>
          </params>
          <reporter-output>
          </reporter-output>
        </test-method> <!-- runScenario -->
        <test-method signature="runScenario(io.cucumber.testng.PickleWrapper,io.cucumber.testng.FeatureWrapper)[pri:0, instance:testrunner.Runnerclass@50029372]" started-at="2023-12-12T18:28:52 CST" name="runScenario" description="Runs Cucumber Scenarios" data-provider="scenarios" finished-at="2023-12-12T18:28:58 CST" duration-ms="6628" status="PASS">
          <params>
            <param index="0">
              <value>
                <![CDATA["Check if the user is able to sign up with special characters in the family intentions field"]]>
              </value>
            </param>
            <param index="1">
              <value>
                <![CDATA["Signup Functionality"]]>
              </value>
            </param>
          </params>
          <reporter-output>
          </reporter-output>
        </test-method> <!-- runScenario -->
        <test-method is-config="true" signature="tearDownClass()[pri:0, instance:testrunner.Runnerclass@50029372]" started-at="2023-12-12T18:28:58 CST" name="tearDownClass" finished-at="2023-12-12T18:29:02 CST" duration-ms="3805" status="PASS">
          <reporter-output>
          </reporter-output>
        </test-method> <!-- tearDownClass -->
      </class> <!-- testrunner.Runnerclass -->
    </test> <!-- Default test -->
  </suite> <!-- Default suite -->
</testng-results>
